mode: count
trpc.group/trpc-go/trpc-database/mongodb/mockmongodb/client_mock.go:30.57,34.2 3 0
trpc.group/trpc-go/trpc-database/mongodb/mockmongodb/client_mock.go:37.55,39.2 1 0
trpc.group/trpc-go/trpc-database/mongodb/mockmongodb/client_mock.go:42.156,45.25 3 0
trpc.group/trpc-go/trpc-database/mongodb/mockmongodb/client_mock.go:45.25,47.3 1 0
trpc.group/trpc-go/trpc-database/mongodb/mockmongodb/client_mock.go:48.2,51.19 4 0
trpc.group/trpc-go/trpc-database/mongodb/mockmongodb/client_mock.go:55.122,59.2 3 0
trpc.group/trpc-go/trpc-database/mongodb/mockmongodb/client_mock.go:62.170,65.25 3 0
trpc.group/trpc-go/trpc-database/mongodb/mockmongodb/client_mock.go:65.25,67.3 1 0
trpc.group/trpc-go/trpc-database/mongodb/mockmongodb/client_mock.go:68.2,71.19 4 0
trpc.group/trpc-go/trpc-database/mongodb/mockmongodb/client_mock.go:75.120,79.2 3 0
trpc.group/trpc-go/trpc-database/mongodb/mockmongodb/client_mock.go:82.110,88.2 5 0
trpc.group/trpc-go/trpc-database/mongodb/mockmongodb/client_mock.go:91.98,94.2 2 0
trpc.group/trpc-go/trpc-database/mongodb/mockmongodb/client_mock.go:97.147,100.25 3 0
trpc.group/trpc-go/trpc-database/mongodb/mockmongodb/client_mock.go:100.25,102.3 1 0
trpc.group/trpc-go/trpc-database/mongodb/mockmongodb/client_mock.go:103.2,106.19 4 0
trpc.group/trpc-go/trpc-database/mongodb/mockmongodb/client_mock.go:110.125,114.2 3 0
trpc.group/trpc-go/trpc-database/mongodb/mockmongodb/client_mock.go:117.94,123.2 5 0
trpc.group/trpc-go/trpc-database/mongodb/mockmongodb/client_mock.go:126.84,129.2 2 0
trpc.group/trpc-go/trpc-database/mongodb/mockmongodb/client_mock.go:132.158,135.25 3 0
trpc.group/trpc-go/trpc-database/mongodb/mockmongodb/client_mock.go:135.25,137.3 1 0
trpc.group/trpc-go/trpc-database/mongodb/mockmongodb/client_mock.go:138.2,141.19 4 0
trpc.group/trpc-go/trpc-database/mongodb/mockmongodb/client_mock.go:145.121,149.2 3 0
trpc.group/trpc-go/trpc-database/mongodb/mockmongodb/client_mock.go:152.157,155.25 3 0
trpc.group/trpc-go/trpc-database/mongodb/mockmongodb/client_mock.go:155.25,157.3 1 0
trpc.group/trpc-go/trpc-database/mongodb/mockmongodb/client_mock.go:158.2,161.19 4 0
trpc.group/trpc-go/trpc-database/mongodb/mockmongodb/client_mock.go:165.120,169.2 3 0
trpc.group/trpc-go/trpc-database/mongodb/mockmongodb/client_mock.go:172.60,177.2 4 0
trpc.group/trpc-go/trpc-database/mongodb/mockmongodb/client_mock.go:180.76,183.2 2 0
trpc.group/trpc-go/trpc-database/mongodb/mockmongodb/client_mock.go:186.163,189.25 3 0
trpc.group/trpc-go/trpc-database/mongodb/mockmongodb/client_mock.go:189.25,191.3 1 0
trpc.group/trpc-go/trpc-database/mongodb/mockmongodb/client_mock.go:192.2,195.19 4 0
trpc.group/trpc-go/trpc-database/mongodb/mockmongodb/client_mock.go:199.130,203.2 3 0
trpc.group/trpc-go/trpc-database/mongodb/mockmongodb/client_mock.go:206.118,212.2 5 0
trpc.group/trpc-go/trpc-database/mongodb/mockmongodb/client_mock.go:215.89,218.2 2 0
trpc.group/trpc-go/trpc-database/mongodb/mockmongodb/client_mock.go:221.152,224.25 3 0
trpc.group/trpc-go/trpc-database/mongodb/mockmongodb/client_mock.go:224.25,226.3 1 0
trpc.group/trpc-go/trpc-database/mongodb/mockmongodb/client_mock.go:227.2,230.19 4 0
trpc.group/trpc-go/trpc-database/mongodb/mockmongodb/client_mock.go:234.125,238.2 3 0
trpc.group/trpc-go/trpc-database/mongodb/mockmongodb/client_mock.go:241.144,244.25 3 0
trpc.group/trpc-go/trpc-database/mongodb/mockmongodb/client_mock.go:244.25,246.3 1 0
trpc.group/trpc-go/trpc-database/mongodb/mockmongodb/client_mock.go:247.2,250.19 4 0
trpc.group/trpc-go/trpc-database/mongodb/mockmongodb/client_mock.go:254.115,258.2 3 0
trpc.group/trpc-go/trpc-database/mongodb/mockmongodb/client_mock.go:261.147,264.25 3 0
trpc.group/trpc-go/trpc-database/mongodb/mockmongodb/client_mock.go:264.25,266.3 1 0
trpc.group/trpc-go/trpc-database/mongodb/mockmongodb/client_mock.go:267.2,269.13 3 0
trpc.group/trpc-go/trpc-database/mongodb/mockmongodb/client_mock.go:273.118,277.2 3 0
trpc.group/trpc-go/trpc-database/mongodb/mockmongodb/client_mock.go:280.165,283.25 3 0
trpc.group/trpc-go/trpc-database/mongodb/mockmongodb/client_mock.go:283.25,285.3 1 0
trpc.group/trpc-go/trpc-database/mongodb/mockmongodb/client_mock.go:286.2,288.13 3 0
trpc.group/trpc-go/trpc-database/mongodb/mockmongodb/client_mock.go:292.127,296.2 3 0
trpc.group/trpc-go/trpc-database/mongodb/mockmongodb/client_mock.go:299.180,302.25 3 0
trpc.group/trpc-go/trpc-database/mongodb/mockmongodb/client_mock.go:302.25,304.3 1 0
trpc.group/trpc-go/trpc-database/mongodb/mockmongodb/client_mock.go:305.2,307.13 3 0
trpc.group/trpc-go/trpc-database/mongodb/mockmongodb/client_mock.go:311.141,315.2 3 0
trpc.group/trpc-go/trpc-database/mongodb/mockmongodb/client_mock.go:318.173,321.25 3 0
trpc.group/trpc-go/trpc-database/mongodb/mockmongodb/client_mock.go:321.25,323.3 1 0
trpc.group/trpc-go/trpc-database/mongodb/mockmongodb/client_mock.go:324.2,326.13 3 0
trpc.group/trpc-go/trpc-database/mongodb/mockmongodb/client_mock.go:330.135,334.2 3 0
trpc.group/trpc-go/trpc-database/mongodb/mockmongodb/client_mock.go:337.105,343.2 5 0
trpc.group/trpc-go/trpc-database/mongodb/mockmongodb/client_mock.go:346.95,349.2 2 0
trpc.group/trpc-go/trpc-database/mongodb/mockmongodb/client_mock.go:352.171,355.25 3 0
trpc.group/trpc-go/trpc-database/mongodb/mockmongodb/client_mock.go:355.25,357.3 1 0
trpc.group/trpc-go/trpc-database/mongodb/mockmongodb/client_mock.go:358.2,361.19 4 0
trpc.group/trpc-go/trpc-database/mongodb/mockmongodb/client_mock.go:365.124,369.2 3 0
trpc.group/trpc-go/trpc-database/mongodb/mockmongodb/client_mock.go:372.165,375.25 3 0
trpc.group/trpc-go/trpc-database/mongodb/mockmongodb/client_mock.go:375.25,377.3 1 0
trpc.group/trpc-go/trpc-database/mongodb/mockmongodb/client_mock.go:378.2,381.19 4 0
trpc.group/trpc-go/trpc-database/mongodb/mockmongodb/client_mock.go:385.122,389.2 3 0
trpc.group/trpc-go/trpc-database/mongodb/mockmongodb/client_mock.go:392.172,395.25 3 0
trpc.group/trpc-go/trpc-database/mongodb/mockmongodb/client_mock.go:395.25,397.3 1 0
trpc.group/trpc-go/trpc-database/mongodb/mockmongodb/client_mock.go:398.2,401.19 4 0
trpc.group/trpc-go/trpc-database/mongodb/mockmongodb/client_mock.go:405.134,409.2 3 0
trpc.group/trpc-go/trpc-database/mongodb/mockmongodb/client_mock.go:412.147,415.25 3 0
trpc.group/trpc-go/trpc-database/mongodb/mockmongodb/client_mock.go:415.25,417.3 1 0
trpc.group/trpc-go/trpc-database/mongodb/mockmongodb/client_mock.go:418.2,420.13 3 0
trpc.group/trpc-go/trpc-database/mongodb/mockmongodb/client_mock.go:424.119,428.2 3 0
trpc.group/trpc-go/trpc-database/mongodb/mockmongodb/client_mock.go:431.79,437.2 5 0
trpc.group/trpc-go/trpc-database/mongodb/mockmongodb/client_mock.go:440.78,443.2 2 0
trpc.group/trpc-go/trpc-database/mongodb/mockmongodb/client_mock.go:446.150,449.25 3 0
trpc.group/trpc-go/trpc-database/mongodb/mockmongodb/client_mock.go:449.25,451.3 1 0
trpc.group/trpc-go/trpc-database/mongodb/mockmongodb/client_mock.go:452.2,454.13 3 0
trpc.group/trpc-go/trpc-database/mongodb/mockmongodb/client_mock.go:458.109,462.2 3 0
trpc.group/trpc-go/trpc-database/mongodb/mockmongodb/client_mock.go:465.166,468.25 3 0
trpc.group/trpc-go/trpc-database/mongodb/mockmongodb/client_mock.go:468.25,470.3 1 0
trpc.group/trpc-go/trpc-database/mongodb/mockmongodb/client_mock.go:471.2,474.19 4 0
trpc.group/trpc-go/trpc-database/mongodb/mockmongodb/client_mock.go:478.129,482.2 3 0
trpc.group/trpc-go/trpc-database/mongodb/mockmongodb/client_mock.go:485.165,488.25 3 0
trpc.group/trpc-go/trpc-database/mongodb/mockmongodb/client_mock.go:488.25,490.3 1 0
trpc.group/trpc-go/trpc-database/mongodb/mockmongodb/client_mock.go:491.2,494.19 4 0
trpc.group/trpc-go/trpc-database/mongodb/mockmongodb/client_mock.go:498.128,502.2 3 0
trpc.group/trpc-go/trpc-database/mongodb/mockmongodb/client_mock.go:505.138,508.25 3 0
trpc.group/trpc-go/trpc-database/mongodb/mockmongodb/client_mock.go:508.25,510.3 1 0
trpc.group/trpc-go/trpc-database/mongodb/mockmongodb/client_mock.go:511.2,514.19 4 0
trpc.group/trpc-go/trpc-database/mongodb/mockmongodb/client_mock.go:518.102,522.2 3 0
trpc.group/trpc-go/trpc-database/mongodb/mockmongodb/client_mock.go:525.177,528.25 3 0
trpc.group/trpc-go/trpc-database/mongodb/mockmongodb/client_mock.go:528.25,530.3 1 0
trpc.group/trpc-go/trpc-database/mongodb/mockmongodb/client_mock.go:531.2,534.19 4 0
trpc.group/trpc-go/trpc-database/mongodb/mockmongodb/client_mock.go:538.134,542.2 3 0
trpc.group/trpc-go/trpc-database/mongodb/mockmongodb/client_mock.go:545.163,548.25 3 0
trpc.group/trpc-go/trpc-database/mongodb/mockmongodb/client_mock.go:548.25,550.3 1 0
trpc.group/trpc-go/trpc-database/mongodb/mockmongodb/client_mock.go:551.2,554.19 4 0
trpc.group/trpc-go/trpc-database/mongodb/mockmongodb/client_mock.go:558.120,562.2 3 0
trpc.group/trpc-go/trpc-database/mongodb/mockmongodb/client_mock.go:576.67,580.2 3 0
trpc.group/trpc-go/trpc-database/mongodb/mockmongodb/client_mock.go:583.65,585.2 1 0
trpc.group/trpc-go/trpc-database/mongodb/mockmongodb/client_mock.go:588.166,591.25 3 0
trpc.group/trpc-go/trpc-database/mongodb/mockmongodb/client_mock.go:591.25,593.3 1 0
trpc.group/trpc-go/trpc-database/mongodb/mockmongodb/client_mock.go:594.2,597.19 4 0
trpc.group/trpc-go/trpc-database/mongodb/mockmongodb/client_mock.go:601.126,605.2 3 0
trpc.group/trpc-go/trpc-database/mongodb/mockmongodb/client_mock.go:608.160,611.25 3 0
trpc.group/trpc-go/trpc-database/mongodb/mockmongodb/client_mock.go:611.25,613.3 1 0
trpc.group/trpc-go/trpc-database/mongodb/mockmongodb/client_mock.go:614.2,617.19 4 0
trpc.group/trpc-go/trpc-database/mongodb/mockmongodb/client_mock.go:621.124,625.2 3 0
trpc.group/trpc-go/trpc-database/mongodb/mockmongodb/client_mock.go:628.134,631.25 3 0
trpc.group/trpc-go/trpc-database/mongodb/mockmongodb/client_mock.go:631.25,633.3 1 0
trpc.group/trpc-go/trpc-database/mongodb/mockmongodb/client_mock.go:634.2,637.19 4 0
trpc.group/trpc-go/trpc-database/mongodb/mockmongodb/client_mock.go:641.115,645.2 3 0
trpc.group/trpc-go/trpc-database/mongodb/mockmongodb/client_mock.go:648.140,651.25 3 0
trpc.group/trpc-go/trpc-database/mongodb/mockmongodb/client_mock.go:651.25,653.3 1 0
trpc.group/trpc-go/trpc-database/mongodb/mockmongodb/client_mock.go:654.2,657.19 4 0
trpc.group/trpc-go/trpc-database/mongodb/mockmongodb/client_mock.go:661.121,665.2 3 0
trpc.group/trpc-go/trpc-database/mongodb/client.go:104.64,114.2 5 11
trpc.group/trpc-go/trpc-database/mongodb/client.go:118.48,120.2 1 0
trpc.group/trpc-go/trpc-database/mongodb/client.go:124.50,126.2 1 0
trpc.group/trpc-go/trpc-database/mongodb/client.go:130.48,132.2 1 0
trpc.group/trpc-go/trpc-database/mongodb/client.go:136.50,138.2 1 0
trpc.group/trpc-go/trpc-database/mongodb/client.go:141.86,143.2 1 0
trpc.group/trpc-go/trpc-database/mongodb/client.go:208.52,229.2 13 2
trpc.group/trpc-go/trpc-database/mongodb/client.go:233.22,240.20 4 13
trpc.group/trpc-go/trpc-database/mongodb/client.go:240.20,241.44 1 0
trpc.group/trpc-go/trpc-database/mongodb/client.go:241.44,243.4 1 0
trpc.group/trpc-go/trpc-database/mongodb/client.go:247.2,247.16 1 13
trpc.group/trpc-go/trpc-database/mongodb/client.go:247.16,249.3 1 13
trpc.group/trpc-go/trpc-database/mongodb/client.go:251.2,261.24 10 13
trpc.group/trpc-go/trpc-database/mongodb/client.go:266.41,275.16 3 0
trpc.group/trpc-go/trpc-database/mongodb/client.go:275.16,277.3 1 0
trpc.group/trpc-go/trpc-database/mongodb/client.go:278.2,278.12 1 0
trpc.group/trpc-go/trpc-database/mongodb/client.go:283.69,292.16 3 0
trpc.group/trpc-go/trpc-database/mongodb/client.go:292.16,294.3 1 0
trpc.group/trpc-go/trpc-database/mongodb/client.go:295.2,295.42 1 0
trpc.group/trpc-go/trpc-database/mongodb/client.go:301.71,310.16 3 0
trpc.group/trpc-go/trpc-database/mongodb/client.go:310.16,312.3 1 0
trpc.group/trpc-go/trpc-database/mongodb/client.go:313.2,313.17 1 0
trpc.group/trpc-go/trpc-database/mongodb/client.go:318.63,327.16 3 0
trpc.group/trpc-go/trpc-database/mongodb/client.go:327.16,329.3 1 0
trpc.group/trpc-go/trpc-database/mongodb/client.go:330.2,330.39 1 0
trpc.group/trpc-go/trpc-database/mongodb/client.go:335.63,344.16 3 0
trpc.group/trpc-go/trpc-database/mongodb/client.go:344.16,346.3 1 0
trpc.group/trpc-go/trpc-database/mongodb/client.go:347.2,347.39 1 0
trpc.group/trpc-go/trpc-database/mongodb/client.go:352.83,362.16 3 0
trpc.group/trpc-go/trpc-database/mongodb/client.go:362.16,364.3 1 0
trpc.group/trpc-go/trpc-database/mongodb/client.go:365.2,365.39 1 0
trpc.group/trpc-go/trpc-database/mongodb/client.go:370.83,380.16 3 0
trpc.group/trpc-go/trpc-database/mongodb/client.go:380.16,382.3 1 0
trpc.group/trpc-go/trpc-database/mongodb/client.go:383.2,383.39 1 0
trpc.group/trpc-go/trpc-database/mongodb/client.go:388.89,398.16 3 1
trpc.group/trpc-go/trpc-database/mongodb/client.go:398.16,400.3 1 0
trpc.group/trpc-go/trpc-database/mongodb/client.go:401.2,401.39 1 1
trpc.group/trpc-go/trpc-database/mongodb/client.go:406.60,415.16 3 1
trpc.group/trpc-go/trpc-database/mongodb/client.go:415.16,417.3 1 0
trpc.group/trpc-go/trpc-database/mongodb/client.go:418.2,418.33 1 1
trpc.group/trpc-go/trpc-database/mongodb/client.go:424.48,433.16 3 1
trpc.group/trpc-go/trpc-database/mongodb/client.go:433.16,435.3 1 0
trpc.group/trpc-go/trpc-database/mongodb/client.go:436.2,436.25 1 1
trpc.group/trpc-go/trpc-database/mongodb/client.go:442.65,450.16 3 1
trpc.group/trpc-go/trpc-database/mongodb/client.go:450.16,452.3 1 0
trpc.group/trpc-go/trpc-database/mongodb/client.go:453.2,453.25 1 1
trpc.group/trpc-go/trpc-database/mongodb/client.go:458.59,468.16 3 1
trpc.group/trpc-go/trpc-database/mongodb/client.go:468.16,470.3 1 0
trpc.group/trpc-go/trpc-database/mongodb/client.go:471.2,471.33 1 1
trpc.group/trpc-go/trpc-database/mongodb/client.go:476.55,485.16 3 0
trpc.group/trpc-go/trpc-database/mongodb/client.go:485.16,487.3 1 0
trpc.group/trpc-go/trpc-database/mongodb/client.go:488.2,488.33 1 0
trpc.group/trpc-go/trpc-database/mongodb/client.go:493.55,502.16 3 0
trpc.group/trpc-go/trpc-database/mongodb/client.go:502.16,505.3 2 0
trpc.group/trpc-go/trpc-database/mongodb/client.go:506.2,506.34 1 0
trpc.group/trpc-go/trpc-database/mongodb/client.go:512.64,521.16 3 0
trpc.group/trpc-go/trpc-database/mongodb/client.go:521.16,524.3 2 0
trpc.group/trpc-go/trpc-database/mongodb/client.go:525.2,525.34 1 0
trpc.group/trpc-go/trpc-database/mongodb/client.go:531.90,541.16 3 0
trpc.group/trpc-go/trpc-database/mongodb/client.go:541.16,544.3 2 0
trpc.group/trpc-go/trpc-database/mongodb/client.go:545.2,545.34 1 0
trpc.group/trpc-go/trpc-database/mongodb/client.go:551.84,561.16 3 0
trpc.group/trpc-go/trpc-database/mongodb/client.go:561.16,564.3 2 0
trpc.group/trpc-go/trpc-database/mongodb/client.go:565.2,565.34 1 0
trpc.group/trpc-go/trpc-database/mongodb/client.go:570.69,579.16 3 1
trpc.group/trpc-go/trpc-database/mongodb/client.go:579.16,581.3 1 1
trpc.group/trpc-go/trpc-database/mongodb/client.go:582.2,582.17 1 0
trpc.group/trpc-go/trpc-database/mongodb/client.go:587.69,595.16 3 2
trpc.group/trpc-go/trpc-database/mongodb/client.go:595.16,597.3 1 1
trpc.group/trpc-go/trpc-database/mongodb/client.go:598.2,598.39 1 1
trpc.group/trpc-go/trpc-database/mongodb/client.go:603.69,611.16 3 2
trpc.group/trpc-go/trpc-database/mongodb/client.go:611.16,613.3 1 1
trpc.group/trpc-go/trpc-database/mongodb/client.go:614.2,614.39 1 1
trpc.group/trpc-go/trpc-database/mongodb/client.go:619.69,628.16 3 2
trpc.group/trpc-go/trpc-database/mongodb/client.go:628.16,630.3 1 1
trpc.group/trpc-go/trpc-database/mongodb/client.go:631.2,631.39 1 1
trpc.group/trpc-go/trpc-database/mongodb/client.go:635.60,641.2 3 1
trpc.group/trpc-go/trpc-database/mongodb/client.go:649.54,657.16 3 0
trpc.group/trpc-go/trpc-database/mongodb/client.go:657.16,660.3 2 0
trpc.group/trpc-go/trpc-database/mongodb/client.go:661.2,661.34 1 0
trpc.group/trpc-go/trpc-database/mongodb/client.go:667.86,676.16 3 0
trpc.group/trpc-go/trpc-database/mongodb/client.go:676.16,678.3 1 0
trpc.group/trpc-go/trpc-database/mongodb/client.go:679.2,679.40 1 0
trpc.group/trpc-go/trpc-database/mongodb/client.go:679.40,681.3 1 0
trpc.group/trpc-go/trpc-database/mongodb/client.go:682.2,682.55 1 0
trpc.group/trpc-go/trpc-database/mongodb/client.go:688.81,697.16 3 0
trpc.group/trpc-go/trpc-database/mongodb/client.go:697.16,699.3 1 0
trpc.group/trpc-go/trpc-database/mongodb/client.go:700.2,700.31 1 0
trpc.group/trpc-go/trpc-database/mongodb/client.go:700.31,702.3 1 0
trpc.group/trpc-go/trpc-database/mongodb/client.go:703.2,703.55 1 0
trpc.group/trpc-go/trpc-database/mongodb/client.go:718.70,727.16 3 0
trpc.group/trpc-go/trpc-database/mongodb/client.go:727.16,729.3 1 0
trpc.group/trpc-go/trpc-database/mongodb/client.go:730.2,730.35 1 0
trpc.group/trpc-go/trpc-database/mongodb/client.go:730.35,732.3 1 0
trpc.group/trpc-go/trpc-database/mongodb/client.go:733.2,733.55 1 0
trpc.group/trpc-go/trpc-database/mongodb/client.go:745.57,754.16 3 0
trpc.group/trpc-go/trpc-database/mongodb/client.go:754.16,756.3 1 0
trpc.group/trpc-go/trpc-database/mongodb/client.go:757.2,757.35 1 0
trpc.group/trpc-go/trpc-database/mongodb/client.go:757.35,759.3 1 0
trpc.group/trpc-go/trpc-database/mongodb/client.go:760.2,760.55 1 0
trpc.group/trpc-go/trpc-database/mongodb/client.go:765.73,769.2 2 0
trpc.group/trpc-go/trpc-database/mongodb/client.go:772.112,780.16 3 0
trpc.group/trpc-go/trpc-database/mongodb/client.go:780.16,782.3 1 0
trpc.group/trpc-go/trpc-database/mongodb/client.go:783.2,783.42 1 0
trpc.group/trpc-go/trpc-database/mongodb/client.go:783.42,785.3 1 0
trpc.group/trpc-go/trpc-database/mongodb/client.go:786.2,786.70 1 0
trpc.group/trpc-go/trpc-database/mongodb/client.go:790.94,797.16 3 0
trpc.group/trpc-go/trpc-database/mongodb/client.go:797.16,799.3 1 0
trpc.group/trpc-go/trpc-database/mongodb/client.go:800.2,800.42 1 0
trpc.group/trpc-go/trpc-database/mongodb/client.go:800.42,802.3 1 0
trpc.group/trpc-go/trpc-database/mongodb/client.go:803.2,803.53 1 0
trpc.group/trpc-go/trpc-database/mongodb/client.go:807.117,815.16 3 0
trpc.group/trpc-go/trpc-database/mongodb/client.go:815.16,817.3 1 0
trpc.group/trpc-go/trpc-database/mongodb/client.go:818.2,818.44 1 0
trpc.group/trpc-go/trpc-database/mongodb/client.go:818.44,820.3 1 0
trpc.group/trpc-go/trpc-database/mongodb/client.go:821.2,821.53 1 0
trpc.group/trpc-go/trpc-database/mongodb/client.go:828.79,834.16 3 0
trpc.group/trpc-go/trpc-database/mongodb/client.go:834.16,836.3 1 0
trpc.group/trpc-go/trpc-database/mongodb/client.go:837.2,837.40 1 0
trpc.group/trpc-go/trpc-database/mongodb/client.go:837.40,839.3 1 0
trpc.group/trpc-go/trpc-database/mongodb/client.go:840.2,840.53 1 0
trpc.group/trpc-go/trpc-database/mongodb/codec.go:11.13,13.2 1 1
trpc.group/trpc-go/trpc-database/mongodb/codec.go:24.71,27.35 1 11
trpc.group/trpc-go/trpc-database/mongodb/codec.go:27.35,29.3 1 11
trpc.group/trpc-go/trpc-database/mongodb/codec.go:31.2,31.17 1 11
trpc.group/trpc-go/trpc-database/mongodb/codec.go:35.71,38.2 1 11
trpc.group/trpc-go/trpc-database/mongodb/curd.go:40.65,45.16 3 8
trpc.group/trpc-go/trpc-database/mongodb/curd.go:45.16,47.3 1 4
trpc.group/trpc-go/trpc-database/mongodb/curd.go:48.2,51.20 3 4
trpc.group/trpc-go/trpc-database/mongodb/curd.go:51.20,53.60 2 2
trpc.group/trpc-go/trpc-database/mongodb/curd.go:53.60,55.4 1 0
trpc.group/trpc-go/trpc-database/mongodb/curd.go:56.3,56.32 1 2
trpc.group/trpc-go/trpc-database/mongodb/curd.go:58.2,58.20 1 4
trpc.group/trpc-go/trpc-database/mongodb/curd.go:63.54,68.2 2 5
trpc.group/trpc-go/trpc-database/mongodb/curd.go:72.29,74.30 2 13
trpc.group/trpc-go/trpc-database/mongodb/curd.go:74.30,75.15 1 50
trpc.group/trpc-go/trpc-database/mongodb/curd.go:76.23,77.49 1 4
trpc.group/trpc-go/trpc-database/mongodb/curd.go:77.49,79.5 1 2
trpc.group/trpc-go/trpc-database/mongodb/curd.go:80.21,81.49 1 6
trpc.group/trpc-go/trpc-database/mongodb/curd.go:81.49,83.5 1 2
trpc.group/trpc-go/trpc-database/mongodb/curd.go:84.4,84.33 1 6
trpc.group/trpc-go/trpc-database/mongodb/curd.go:84.33,86.5 1 2
trpc.group/trpc-go/trpc-database/mongodb/curd.go:87.21,88.34 1 4
trpc.group/trpc-go/trpc-database/mongodb/curd.go:88.34,90.5 1 2
trpc.group/trpc-go/trpc-database/mongodb/curd.go:91.22,92.34 1 4
trpc.group/trpc-go/trpc-database/mongodb/curd.go:92.34,94.5 1 2
trpc.group/trpc-go/trpc-database/mongodb/curd.go:95.27,96.49 1 4
trpc.group/trpc-go/trpc-database/mongodb/curd.go:96.49,98.5 1 2
trpc.group/trpc-go/trpc-database/mongodb/curd.go:99.26,100.34 1 4
trpc.group/trpc-go/trpc-database/mongodb/curd.go:100.34,102.5 1 2
trpc.group/trpc-go/trpc-database/mongodb/curd.go:103.26,104.49 1 4
trpc.group/trpc-go/trpc-database/mongodb/curd.go:104.49,106.5 1 2
trpc.group/trpc-go/trpc-database/mongodb/curd.go:107.11,107.11 0 20
trpc.group/trpc-go/trpc-database/mongodb/curd.go:110.2,110.8 1 13
trpc.group/trpc-go/trpc-database/mongodb/curd.go:114.63,117.30 3 7
trpc.group/trpc-go/trpc-database/mongodb/curd.go:117.30,118.15 1 48
trpc.group/trpc-go/trpc-database/mongodb/curd.go:119.23,120.49 1 4
trpc.group/trpc-go/trpc-database/mongodb/curd.go:120.49,122.5 1 2
trpc.group/trpc-go/trpc-database/mongodb/curd.go:123.26,124.49 1 4
trpc.group/trpc-go/trpc-database/mongodb/curd.go:124.49,126.5 1 2
trpc.group/trpc-go/trpc-database/mongodb/curd.go:127.11,127.11 0 40
trpc.group/trpc-go/trpc-database/mongodb/curd.go:130.2,131.16 2 7
trpc.group/trpc-go/trpc-database/mongodb/curd.go:131.16,133.3 1 2
trpc.group/trpc-go/trpc-database/mongodb/curd.go:134.2,136.46 3 5
trpc.group/trpc-go/trpc-database/mongodb/curd.go:136.46,138.3 1 0
trpc.group/trpc-go/trpc-database/mongodb/curd.go:139.2,139.15 1 5
trpc.group/trpc-go/trpc-database/mongodb/curd.go:143.64,146.31 3 3
trpc.group/trpc-go/trpc-database/mongodb/curd.go:146.31,147.15 1 24
trpc.group/trpc-go/trpc-database/mongodb/curd.go:148.23,149.49 1 2
trpc.group/trpc-go/trpc-database/mongodb/curd.go:149.49,151.5 1 1
trpc.group/trpc-go/trpc-database/mongodb/curd.go:152.26,153.49 1 2
trpc.group/trpc-go/trpc-database/mongodb/curd.go:153.49,155.5 1 1
trpc.group/trpc-go/trpc-database/mongodb/curd.go:156.11,156.11 0 20
trpc.group/trpc-go/trpc-database/mongodb/curd.go:159.2,160.16 2 3
trpc.group/trpc-go/trpc-database/mongodb/curd.go:160.16,162.3 1 1
trpc.group/trpc-go/trpc-database/mongodb/curd.go:163.2,165.46 3 2
trpc.group/trpc-go/trpc-database/mongodb/curd.go:165.46,167.3 1 0
trpc.group/trpc-go/trpc-database/mongodb/curd.go:168.2,168.15 1 2
trpc.group/trpc-go/trpc-database/mongodb/curd.go:172.63,175.30 3 2
trpc.group/trpc-go/trpc-database/mongodb/curd.go:175.30,176.15 1 24
trpc.group/trpc-go/trpc-database/mongodb/curd.go:177.23,178.49 1 2
trpc.group/trpc-go/trpc-database/mongodb/curd.go:178.49,180.5 1 1
trpc.group/trpc-go/trpc-database/mongodb/curd.go:181.21,182.49 1 2
trpc.group/trpc-go/trpc-database/mongodb/curd.go:182.49,184.5 1 1
trpc.group/trpc-go/trpc-database/mongodb/curd.go:185.4,185.33 1 2
trpc.group/trpc-go/trpc-database/mongodb/curd.go:185.33,187.5 1 0
trpc.group/trpc-go/trpc-database/mongodb/curd.go:188.27,189.49 1 2
trpc.group/trpc-go/trpc-database/mongodb/curd.go:189.49,191.5 1 1
trpc.group/trpc-go/trpc-database/mongodb/curd.go:192.26,193.49 1 2
trpc.group/trpc-go/trpc-database/mongodb/curd.go:193.49,195.5 1 1
trpc.group/trpc-go/trpc-database/mongodb/curd.go:196.11,196.11 0 16
trpc.group/trpc-go/trpc-database/mongodb/curd.go:199.2,203.44 3 2
trpc.group/trpc-go/trpc-database/mongodb/curd.go:203.44,205.3 1 0
trpc.group/trpc-go/trpc-database/mongodb/curd.go:206.2,206.20 1 2
trpc.group/trpc-go/trpc-database/mongodb/curd.go:210.63,216.44 3 2
trpc.group/trpc-go/trpc-database/mongodb/curd.go:216.44,218.3 1 0
trpc.group/trpc-go/trpc-database/mongodb/curd.go:219.2,219.20 1 2
trpc.group/trpc-go/trpc-database/mongodb/curd.go:224.60,227.24 3 4
trpc.group/trpc-go/trpc-database/mongodb/curd.go:227.24,229.3 1 2
trpc.group/trpc-go/trpc-database/mongodb/curd.go:229.8,231.3 1 2
trpc.group/trpc-go/trpc-database/mongodb/curd.go:233.2,233.17 1 4
trpc.group/trpc-go/trpc-database/mongodb/curd.go:238.100,240.30 2 4
trpc.group/trpc-go/trpc-database/mongodb/curd.go:240.30,241.15 1 48
trpc.group/trpc-go/trpc-database/mongodb/curd.go:242.23,243.49 1 4
trpc.group/trpc-go/trpc-database/mongodb/curd.go:243.49,245.5 1 2
trpc.group/trpc-go/trpc-database/mongodb/curd.go:246.23,249.11 3 4
trpc.group/trpc-go/trpc-database/mongodb/curd.go:249.11,250.41 1 4
trpc.group/trpc-go/trpc-database/mongodb/curd.go:250.41,252.6 1 2
trpc.group/trpc-go/trpc-database/mongodb/curd.go:254.29,255.40 1 4
trpc.group/trpc-go/trpc-database/mongodb/curd.go:255.40,259.5 1 2
trpc.group/trpc-go/trpc-database/mongodb/curd.go:260.21,261.49 1 4
trpc.group/trpc-go/trpc-database/mongodb/curd.go:261.49,263.5 1 2
trpc.group/trpc-go/trpc-database/mongodb/curd.go:264.4,264.33 1 4
trpc.group/trpc-go/trpc-database/mongodb/curd.go:264.33,266.5 1 0
trpc.group/trpc-go/trpc-database/mongodb/curd.go:267.27,268.49 1 4
trpc.group/trpc-go/trpc-database/mongodb/curd.go:268.49,270.5 1 2
trpc.group/trpc-go/trpc-database/mongodb/curd.go:271.23,272.31 1 4
trpc.group/trpc-go/trpc-database/mongodb/curd.go:272.31,274.5 1 2
trpc.group/trpc-go/trpc-database/mongodb/curd.go:275.20,276.33 1 4
trpc.group/trpc-go/trpc-database/mongodb/curd.go:276.33,278.5 1 2
trpc.group/trpc-go/trpc-database/mongodb/curd.go:279.26,280.49 1 4
trpc.group/trpc-go/trpc-database/mongodb/curd.go:280.49,282.5 1 2
trpc.group/trpc-go/trpc-database/mongodb/curd.go:283.11,283.11 0 16
trpc.group/trpc-go/trpc-database/mongodb/curd.go:286.2,286.8 1 4
trpc.group/trpc-go/trpc-database/mongodb/curd.go:289.112,290.16 1 2
trpc.group/trpc-go/trpc-database/mongodb/curd.go:291.15,292.49 1 2
trpc.group/trpc-go/trpc-database/mongodb/curd.go:293.16,294.50 1 0
trpc.group/trpc-go/trpc-database/mongodb/curd.go:295.10,295.10 0 0
trpc.group/trpc-go/trpc-database/mongodb/curd.go:298.2,298.14 1 2
trpc.group/trpc-go/trpc-database/mongodb/curd.go:302.63,303.36 1 4
trpc.group/trpc-go/trpc-database/mongodb/curd.go:303.36,305.3 1 1
trpc.group/trpc-go/trpc-database/mongodb/curd.go:307.2,308.9 2 3
trpc.group/trpc-go/trpc-database/mongodb/curd.go:308.9,310.3 1 1
trpc.group/trpc-go/trpc-database/mongodb/curd.go:312.2,313.16 2 2
trpc.group/trpc-go/trpc-database/mongodb/curd.go:313.16,315.3 1 1
trpc.group/trpc-go/trpc-database/mongodb/curd.go:316.2,318.46 3 1
trpc.group/trpc-go/trpc-database/mongodb/curd.go:318.46,320.3 1 0
trpc.group/trpc-go/trpc-database/mongodb/curd.go:321.2,321.15 1 1
trpc.group/trpc-go/trpc-database/mongodb/curd.go:325.63,327.37 1 5
trpc.group/trpc-go/trpc-database/mongodb/curd.go:327.37,329.3 1 1
trpc.group/trpc-go/trpc-database/mongodb/curd.go:330.2,331.9 2 4
trpc.group/trpc-go/trpc-database/mongodb/curd.go:331.9,333.3 1 1
trpc.group/trpc-go/trpc-database/mongodb/curd.go:334.2,334.32 1 3
trpc.group/trpc-go/trpc-database/mongodb/curd.go:334.32,336.10 2 3
trpc.group/trpc-go/trpc-database/mongodb/curd.go:336.10,338.4 1 1
trpc.group/trpc-go/trpc-database/mongodb/curd.go:340.3,340.22 1 2
trpc.group/trpc-go/trpc-database/mongodb/curd.go:342.2,343.16 2 2
trpc.group/trpc-go/trpc-database/mongodb/curd.go:343.16,345.3 1 1
trpc.group/trpc-go/trpc-database/mongodb/curd.go:346.2,348.46 3 1
trpc.group/trpc-go/trpc-database/mongodb/curd.go:348.46,350.3 1 0
trpc.group/trpc-go/trpc-database/mongodb/curd.go:351.2,351.15 1 1
trpc.group/trpc-go/trpc-database/mongodb/curd.go:355.63,361.30 6 3
trpc.group/trpc-go/trpc-database/mongodb/curd.go:361.30,362.15 1 24
trpc.group/trpc-go/trpc-database/mongodb/curd.go:363.23,364.51 1 2
trpc.group/trpc-go/trpc-database/mongodb/curd.go:364.51,366.5 1 1
trpc.group/trpc-go/trpc-database/mongodb/curd.go:367.23,369.11 2 2
trpc.group/trpc-go/trpc-database/mongodb/curd.go:369.11,370.41 1 2
trpc.group/trpc-go/trpc-database/mongodb/curd.go:370.41,372.6 1 1
trpc.group/trpc-go/trpc-database/mongodb/curd.go:374.29,375.40 1 2
trpc.group/trpc-go/trpc-database/mongodb/curd.go:375.40,379.5 1 1
trpc.group/trpc-go/trpc-database/mongodb/curd.go:380.23,381.31 1 2
trpc.group/trpc-go/trpc-database/mongodb/curd.go:381.31,383.5 1 1
trpc.group/trpc-go/trpc-database/mongodb/curd.go:384.26,385.49 1 2
trpc.group/trpc-go/trpc-database/mongodb/curd.go:385.49,387.5 1 1
trpc.group/trpc-go/trpc-database/mongodb/curd.go:388.11,388.11 0 14
trpc.group/trpc-go/trpc-database/mongodb/curd.go:392.2,394.23 3 3
trpc.group/trpc-go/trpc-database/mongodb/curd.go:394.23,396.3 1 1
trpc.group/trpc-go/trpc-database/mongodb/curd.go:396.8,398.3 1 2
trpc.group/trpc-go/trpc-database/mongodb/curd.go:399.2,399.16 1 3
trpc.group/trpc-go/trpc-database/mongodb/curd.go:399.16,401.3 1 1
trpc.group/trpc-go/trpc-database/mongodb/curd.go:402.2,404.46 3 2
trpc.group/trpc-go/trpc-database/mongodb/curd.go:404.46,406.3 1 0
trpc.group/trpc-go/trpc-database/mongodb/curd.go:407.2,407.15 1 2
trpc.group/trpc-go/trpc-database/mongodb/curd.go:411.63,417.30 6 3
trpc.group/trpc-go/trpc-database/mongodb/curd.go:417.30,418.15 1 24
trpc.group/trpc-go/trpc-database/mongodb/curd.go:419.23,420.51 1 2
trpc.group/trpc-go/trpc-database/mongodb/curd.go:420.51,422.5 1 1
trpc.group/trpc-go/trpc-database/mongodb/curd.go:423.23,425.11 2 2
trpc.group/trpc-go/trpc-database/mongodb/curd.go:425.11,426.41 1 2
trpc.group/trpc-go/trpc-database/mongodb/curd.go:426.41,428.6 1 1
trpc.group/trpc-go/trpc-database/mongodb/curd.go:430.29,431.40 1 2
trpc.group/trpc-go/trpc-database/mongodb/curd.go:431.40,435.5 1 1
trpc.group/trpc-go/trpc-database/mongodb/curd.go:436.23,437.31 1 2
trpc.group/trpc-go/trpc-database/mongodb/curd.go:437.31,439.5 1 1
trpc.group/trpc-go/trpc-database/mongodb/curd.go:440.26,441.49 1 2
trpc.group/trpc-go/trpc-database/mongodb/curd.go:441.49,443.5 1 1
trpc.group/trpc-go/trpc-database/mongodb/curd.go:444.11,444.11 0 14
trpc.group/trpc-go/trpc-database/mongodb/curd.go:448.2,450.23 3 3
trpc.group/trpc-go/trpc-database/mongodb/curd.go:450.23,452.3 1 1
trpc.group/trpc-go/trpc-database/mongodb/curd.go:452.8,454.3 1 2
trpc.group/trpc-go/trpc-database/mongodb/curd.go:455.2,455.16 1 3
trpc.group/trpc-go/trpc-database/mongodb/curd.go:455.16,457.3 1 1
trpc.group/trpc-go/trpc-database/mongodb/curd.go:458.2,460.46 3 2
trpc.group/trpc-go/trpc-database/mongodb/curd.go:460.46,462.3 1 0
trpc.group/trpc-go/trpc-database/mongodb/curd.go:463.2,463.15 1 2
trpc.group/trpc-go/trpc-database/mongodb/curd.go:466.108,469.30 3 3
trpc.group/trpc-go/trpc-database/mongodb/curd.go:469.30,470.15 1 24
trpc.group/trpc-go/trpc-database/mongodb/curd.go:471.23,472.49 1 2
trpc.group/trpc-go/trpc-database/mongodb/curd.go:472.49,474.5 1 1
trpc.group/trpc-go/trpc-database/mongodb/curd.go:475.21,476.34 1 2
trpc.group/trpc-go/trpc-database/mongodb/curd.go:476.34,478.5 1 1
trpc.group/trpc-go/trpc-database/mongodb/curd.go:479.22,480.34 1 2
trpc.group/trpc-go/trpc-database/mongodb/curd.go:480.34,482.5 1 1
trpc.group/trpc-go/trpc-database/mongodb/curd.go:483.26,484.49 1 2
trpc.group/trpc-go/trpc-database/mongodb/curd.go:484.49,486.5 1 1
trpc.group/trpc-go/trpc-database/mongodb/curd.go:487.11,487.11 0 16
trpc.group/trpc-go/trpc-database/mongodb/curd.go:490.2,490.47 1 3
trpc.group/trpc-go/trpc-database/mongodb/curd.go:494.54,498.30 4 3
trpc.group/trpc-go/trpc-database/mongodb/curd.go:498.30,499.15 1 24
trpc.group/trpc-go/trpc-database/mongodb/curd.go:500.23,501.49 1 2
trpc.group/trpc-go/trpc-database/mongodb/curd.go:501.49,503.5 1 1
trpc.group/trpc-go/trpc-database/mongodb/curd.go:504.26,505.33 1 2
trpc.group/trpc-go/trpc-database/mongodb/curd.go:505.33,507.5 1 1
trpc.group/trpc-go/trpc-database/mongodb/curd.go:508.26,509.49 1 2
trpc.group/trpc-go/trpc-database/mongodb/curd.go:509.49,511.5 1 1
trpc.group/trpc-go/trpc-database/mongodb/curd.go:512.11,512.11 0 18
trpc.group/trpc-go/trpc-database/mongodb/curd.go:515.2,515.52 1 3
trpc.group/trpc-go/trpc-database/mongodb/curd.go:519.35,522.16 2 2
trpc.group/trpc-go/trpc-database/mongodb/curd.go:522.16,524.3 1 2
trpc.group/trpc-go/trpc-database/mongodb/curd.go:526.2,527.20 2 0
trpc.group/trpc-go/trpc-database/mongodb/curd.go:527.20,529.60 2 0
trpc.group/trpc-go/trpc-database/mongodb/curd.go:529.60,531.4 1 0
trpc.group/trpc-go/trpc-database/mongodb/curd.go:532.3,532.32 1 0
trpc.group/trpc-go/trpc-database/mongodb/curd.go:534.2,534.20 1 0
trpc.group/trpc-go/trpc-database/mongodb/curd.go:538.24,542.30 3 4
trpc.group/trpc-go/trpc-database/mongodb/curd.go:542.30,543.15 1 4
trpc.group/trpc-go/trpc-database/mongodb/curd.go:545.25,547.11 2 4
trpc.group/trpc-go/trpc-database/mongodb/curd.go:547.11,549.5 1 4
trpc.group/trpc-go/trpc-database/mongodb/curd.go:550.4,550.16 1 0
trpc.group/trpc-go/trpc-database/mongodb/curd.go:551.26,552.34 1 0
trpc.group/trpc-go/trpc-database/mongodb/curd.go:552.34,554.5 1 0
trpc.group/trpc-go/trpc-database/mongodb/curd.go:555.26,556.49 1 0
trpc.group/trpc-go/trpc-database/mongodb/curd.go:556.49,558.5 1 0
trpc.group/trpc-go/trpc-database/mongodb/curd.go:559.26,560.34 1 0
trpc.group/trpc-go/trpc-database/mongodb/curd.go:560.34,562.5 1 0
trpc.group/trpc-go/trpc-database/mongodb/curd.go:563.11,563.11 0 0
trpc.group/trpc-go/trpc-database/mongodb/curd.go:566.2,566.44 1 0
trpc.group/trpc-go/trpc-database/mongodb/curd.go:568.68,571.41 2 16
trpc.group/trpc-go/trpc-database/mongodb/curd.go:571.41,572.35 1 2
trpc.group/trpc-go/trpc-database/mongodb/curd.go:572.35,574.4 1 1
trpc.group/trpc-go/trpc-database/mongodb/curd.go:577.2,577.47 1 16
trpc.group/trpc-go/trpc-database/mongodb/curd.go:577.47,578.36 1 2
trpc.group/trpc-go/trpc-database/mongodb/curd.go:578.36,580.4 1 1
trpc.group/trpc-go/trpc-database/mongodb/curd.go:583.2,583.47 1 16
trpc.group/trpc-go/trpc-database/mongodb/curd.go:583.47,584.38 1 2
trpc.group/trpc-go/trpc-database/mongodb/curd.go:584.38,586.4 1 1
trpc.group/trpc-go/trpc-database/mongodb/curd.go:589.2,589.45 1 16
trpc.group/trpc-go/trpc-database/mongodb/curd.go:589.45,590.38 1 2
trpc.group/trpc-go/trpc-database/mongodb/curd.go:590.38,592.4 1 1
trpc.group/trpc-go/trpc-database/mongodb/curd.go:595.2,595.59 1 16
trpc.group/trpc-go/trpc-database/mongodb/curd.go:595.59,596.42 1 2
trpc.group/trpc-go/trpc-database/mongodb/curd.go:596.42,598.4 1 1
trpc.group/trpc-go/trpc-database/mongodb/curd.go:601.2,601.47 1 16
trpc.group/trpc-go/trpc-database/mongodb/curd.go:601.47,602.38 1 2
trpc.group/trpc-go/trpc-database/mongodb/curd.go:602.38,604.4 1 1
trpc.group/trpc-go/trpc-database/mongodb/curd.go:607.2,607.51 1 16
trpc.group/trpc-go/trpc-database/mongodb/curd.go:607.51,608.40 1 2
trpc.group/trpc-go/trpc-database/mongodb/curd.go:608.40,610.4 1 1
trpc.group/trpc-go/trpc-database/mongodb/curd.go:613.2,613.55 1 16
trpc.group/trpc-go/trpc-database/mongodb/curd.go:613.55,614.40 1 2
trpc.group/trpc-go/trpc-database/mongodb/curd.go:614.40,616.4 1 1
trpc.group/trpc-go/trpc-database/mongodb/curd.go:619.2,619.47 1 16
trpc.group/trpc-go/trpc-database/mongodb/curd.go:619.47,620.36 1 2
trpc.group/trpc-go/trpc-database/mongodb/curd.go:620.36,622.4 1 1
trpc.group/trpc-go/trpc-database/mongodb/curd.go:625.2,625.19 1 16
trpc.group/trpc-go/trpc-database/mongodb/curd.go:629.35,630.37 1 1
trpc.group/trpc-go/trpc-database/mongodb/curd.go:630.37,632.3 1 0
trpc.group/trpc-go/trpc-database/mongodb/curd.go:633.2,634.9 2 1
trpc.group/trpc-go/trpc-database/mongodb/curd.go:634.9,636.3 1 0
trpc.group/trpc-go/trpc-database/mongodb/curd.go:637.2,639.48 3 1
trpc.group/trpc-go/trpc-database/mongodb/curd.go:639.48,640.56 1 1
trpc.group/trpc-go/trpc-database/mongodb/curd.go:640.56,642.4 1 1
trpc.group/trpc-go/trpc-database/mongodb/curd.go:644.2,645.16 2 1
trpc.group/trpc-go/trpc-database/mongodb/curd.go:645.16,647.3 1 0
trpc.group/trpc-go/trpc-database/mongodb/curd.go:648.2,650.46 3 1
trpc.group/trpc-go/trpc-database/mongodb/curd.go:650.46,652.3 1 0
trpc.group/trpc-go/trpc-database/mongodb/curd.go:653.2,653.15 1 1
trpc.group/trpc-go/trpc-database/mongodb/curd.go:656.114,658.9 2 0
trpc.group/trpc-go/trpc-database/mongodb/curd.go:658.9,660.3 1 0
trpc.group/trpc-go/trpc-database/mongodb/curd.go:661.2,662.9 2 0
trpc.group/trpc-go/trpc-database/mongodb/curd.go:662.9,664.3 1 0
trpc.group/trpc-go/trpc-database/mongodb/curd.go:665.2,666.58 2 0
trpc.group/trpc-go/trpc-database/mongodb/curd.go:666.58,667.60 1 0
trpc.group/trpc-go/trpc-database/mongodb/curd.go:667.60,669.4 1 0
trpc.group/trpc-go/trpc-database/mongodb/curd.go:671.2,671.54 1 0
trpc.group/trpc-go/trpc-database/mongodb/curd.go:674.117,676.9 2 0
trpc.group/trpc-go/trpc-database/mongodb/curd.go:676.9,678.3 1 0
trpc.group/trpc-go/trpc-database/mongodb/curd.go:679.2,680.9 2 0
trpc.group/trpc-go/trpc-database/mongodb/curd.go:680.9,682.3 1 0
trpc.group/trpc-go/trpc-database/mongodb/curd.go:683.2,684.58 2 0
trpc.group/trpc-go/trpc-database/mongodb/curd.go:684.58,685.60 1 0
trpc.group/trpc-go/trpc-database/mongodb/curd.go:685.60,687.4 1 0
trpc.group/trpc-go/trpc-database/mongodb/curd.go:689.2,689.56 1 0
trpc.group/trpc-go/trpc-database/mongodb/curd.go:692.114,694.9 2 0
trpc.group/trpc-go/trpc-database/mongodb/curd.go:694.9,696.3 1 0
trpc.group/trpc-go/trpc-database/mongodb/curd.go:697.2,698.9 2 0
trpc.group/trpc-go/trpc-database/mongodb/curd.go:698.9,700.3 1 0
trpc.group/trpc-go/trpc-database/mongodb/curd.go:701.2,702.56 2 0
trpc.group/trpc-go/trpc-database/mongodb/curd.go:702.56,703.58 1 0
trpc.group/trpc-go/trpc-database/mongodb/curd.go:703.58,705.4 1 0
trpc.group/trpc-go/trpc-database/mongodb/curd.go:707.2,707.49 1 0
trpc.group/trpc-go/trpc-database/mongodb/curd.go:710.114,712.56 2 0
trpc.group/trpc-go/trpc-database/mongodb/curd.go:712.56,713.58 1 0
trpc.group/trpc-go/trpc-database/mongodb/curd.go:713.58,715.4 1 0
trpc.group/trpc-go/trpc-database/mongodb/curd.go:717.2,717.43 1 0
trpc.group/trpc-go/trpc-database/mongodb/error.go:14.42,15.68 1 0
trpc.group/trpc-go/trpc-database/mongodb/error.go:15.68,17.3 1 0
trpc.group/trpc-go/trpc-database/mongodb/error.go:18.2,18.77 1 0
trpc.group/trpc-go/trpc-database/mongodb/error.go:18.77,20.3 1 0
trpc.group/trpc-go/trpc-database/mongodb/error.go:21.2,21.36 1 0
trpc.group/trpc-go/trpc-database/mongodb/error.go:21.36,23.3 1 0
trpc.group/trpc-go/trpc-database/mongodb/error.go:24.2,24.14 1 0
trpc.group/trpc-go/trpc-database/mongodb/options.go:11.99,12.35 1 0
trpc.group/trpc-go/trpc-database/mongodb/options.go:12.35,14.3 1 0
trpc.group/trpc-go/trpc-database/mongodb/plugin.go:18.13,20.2 1 1
trpc.group/trpc-go/trpc-database/mongodb/plugin.go:35.37,37.2 1 3
trpc.group/trpc-go/trpc-database/mongodb/plugin.go:40.81,42.50 2 6
trpc.group/trpc-go/trpc-database/mongodb/plugin.go:42.50,44.3 1 3
trpc.group/trpc-go/trpc-database/mongodb/plugin.go:45.2,46.16 2 3
trpc.group/trpc-go/trpc-database/mongodb/plugin.go:46.16,49.3 2 1
trpc.group/trpc-go/trpc-database/mongodb/plugin.go:50.2,51.16 2 3
trpc.group/trpc-go/trpc-database/mongodb/plugin.go:51.16,54.3 2 1
trpc.group/trpc-go/trpc-database/mongodb/plugin.go:55.2,65.12 3 3
trpc.group/trpc-go/trpc-database/mongodb/transport.go:21.13,26.2 3 1
trpc.group/trpc-go/trpc-database/mongodb/transport.go:45.91,47.2 1 0
trpc.group/trpc-go/trpc-database/mongodb/transport.go:50.80,52.68 1 1
trpc.group/trpc-go/trpc-database/mongodb/transport.go:52.69,52.70 0 0
trpc.group/trpc-go/trpc-database/mongodb/transport.go:60.2,60.24 1 1
trpc.group/trpc-go/trpc-database/mongodb/transport.go:60.24,62.3 1 0
trpc.group/trpc-go/trpc-database/mongodb/transport.go:63.2,63.11 1 1
trpc.group/trpc-go/trpc-database/mongodb/transport.go:70.13,75.9 3 19
trpc.group/trpc-go/trpc-database/mongodb/transport.go:75.9,78.3 1 1
trpc.group/trpc-go/trpc-database/mongodb/transport.go:79.2,80.9 2 18
trpc.group/trpc-go/trpc-database/mongodb/transport.go:80.9,83.3 1 1
trpc.group/trpc-go/trpc-database/mongodb/transport.go:85.2,86.29 2 17
trpc.group/trpc-go/trpc-database/mongodb/transport.go:86.29,88.3 1 40
trpc.group/trpc-go/trpc-database/mongodb/transport.go:90.2,90.31 1 17
trpc.group/trpc-go/trpc-database/mongodb/transport.go:90.31,92.3 1 1
trpc.group/trpc-go/trpc-database/mongodb/transport.go:94.2,95.25 2 16
trpc.group/trpc-go/trpc-database/mongodb/transport.go:95.25,97.3 1 0
trpc.group/trpc-go/trpc-database/mongodb/transport.go:97.8,99.17 2 16
trpc.group/trpc-go/trpc-database/mongodb/transport.go:99.17,102.4 1 0
trpc.group/trpc-go/trpc-database/mongodb/transport.go:105.2,106.21 2 16
trpc.group/trpc-go/trpc-database/mongodb/transport.go:106.21,108.3 1 9
trpc.group/trpc-go/trpc-database/mongodb/transport.go:108.8,110.3 1 7
trpc.group/trpc-go/trpc-database/mongodb/transport.go:111.2,112.16 2 16
trpc.group/trpc-go/trpc-database/mongodb/transport.go:112.16,113.37 1 5
trpc.group/trpc-go/trpc-database/mongodb/transport.go:113.37,115.4 1 1
trpc.group/trpc-go/trpc-database/mongodb/transport.go:115.9,115.34 1 4
trpc.group/trpc-go/trpc-database/mongodb/transport.go:115.34,117.4 1 1
trpc.group/trpc-go/trpc-database/mongodb/transport.go:117.9,117.39 1 3
trpc.group/trpc-go/trpc-database/mongodb/transport.go:117.39,119.4 1 1
trpc.group/trpc-go/trpc-database/mongodb/transport.go:119.9,121.4 1 2
trpc.group/trpc-go/trpc-database/mongodb/transport.go:123.2,123.17 1 11
trpc.group/trpc-go/trpc-database/mongodb/transport.go:127.111,129.21 2 9
trpc.group/trpc-go/trpc-database/mongodb/transport.go:130.17,131.91 1 0
trpc.group/trpc-go/trpc-database/mongodb/transport.go:132.18,133.109 1 0
trpc.group/trpc-go/trpc-database/mongodb/transport.go:134.17,135.87 1 0
trpc.group/trpc-go/trpc-database/mongodb/transport.go:136.18,137.88 1 0
trpc.group/trpc-go/trpc-database/mongodb/transport.go:138.17,139.100 1 0
trpc.group/trpc-go/trpc-database/mongodb/transport.go:140.18,141.101 1 0
trpc.group/trpc-go/trpc-database/mongodb/transport.go:142.18,143.102 1 1
trpc.group/trpc-go/trpc-database/mongodb/transport.go:144.17,145.91 1 1
trpc.group/trpc-go/trpc-database/mongodb/transport.go:146.22,147.91 1 1
trpc.group/trpc-go/trpc-database/mongodb/transport.go:148.30,149.104 1 1
trpc.group/trpc-go/trpc-database/mongodb/transport.go:150.16,151.110 1 1
trpc.group/trpc-go/trpc-database/mongodb/transport.go:152.12,153.80 1 0
trpc.group/trpc-go/trpc-database/mongodb/transport.go:154.15,155.110 1 0
trpc.group/trpc-go/trpc-database/mongodb/transport.go:156.24,158.54 1 0
trpc.group/trpc-go/trpc-database/mongodb/transport.go:159.25,161.55 1 0
trpc.group/trpc-go/trpc-database/mongodb/transport.go:162.24,164.54 1 0
trpc.group/trpc-go/trpc-database/mongodb/transport.go:165.17,166.112 1 1
trpc.group/trpc-go/trpc-database/mongodb/transport.go:167.13,168.86 1 1
trpc.group/trpc-go/trpc-database/mongodb/transport.go:169.21,170.109 1 1
trpc.group/trpc-go/trpc-database/mongodb/transport.go:171.23,173.62 1 1
trpc.group/trpc-go/trpc-database/mongodb/transport.go:174.19,176.44 1 0
trpc.group/trpc-go/trpc-database/mongodb/transport.go:177.18,179.57 1 0
trpc.group/trpc-go/trpc-database/mongodb/transport.go:180.22,182.82 1 0
trpc.group/trpc-go/trpc-database/mongodb/transport.go:183.23,185.84 1 0
trpc.group/trpc-go/trpc-database/mongodb/transport.go:186.20,188.70 1 0
trpc.group/trpc-go/trpc-database/mongodb/transport.go:189.20,191.48 1 0
trpc.group/trpc-go/trpc-database/mongodb/transport.go:192.15,193.35 1 0
trpc.group/trpc-go/trpc-database/mongodb/transport.go:194.19,195.44 1 0
trpc.group/trpc-go/trpc-database/mongodb/transport.go:196.21,197.25 1 0
trpc.group/trpc-go/trpc-database/mongodb/transport.go:198.20,199.31 1 0
trpc.group/trpc-go/trpc-database/mongodb/transport.go:200.10,201.72 1 0
trpc.group/trpc-go/trpc-database/mongodb/transport.go:207.67,211.20 2 0
trpc.group/trpc-go/trpc-database/mongodb/transport.go:211.20,213.3 1 0
trpc.group/trpc-go/trpc-database/mongodb/transport.go:214.2,215.9 2 0
trpc.group/trpc-go/trpc-database/mongodb/transport.go:215.9,217.3 1 0
trpc.group/trpc-go/trpc-database/mongodb/transport.go:218.2,222.16 3 0
trpc.group/trpc-go/trpc-database/mongodb/transport.go:222.16,224.3 1 0
trpc.group/trpc-go/trpc-database/mongodb/transport.go:227.2,227.15 1 0
trpc.group/trpc-go/trpc-database/mongodb/transport.go:227.15,229.3 1 0
trpc.group/trpc-go/trpc-database/mongodb/transport.go:231.2,231.75 1 0
trpc.group/trpc-go/trpc-database/mongodb/transport.go:231.75,233.3 1 0
trpc.group/trpc-go/trpc-database/mongodb/transport.go:235.2,235.59 1 0
trpc.group/trpc-go/trpc-database/mongodb/transport.go:240.48,243.38 2 7
trpc.group/trpc-go/trpc-database/mongodb/transport.go:244.12,245.60 1 4
trpc.group/trpc-go/trpc-database/mongodb/transport.go:246.13,247.61 1 1
trpc.group/trpc-go/trpc-database/mongodb/transport.go:248.17,249.65 1 1
trpc.group/trpc-go/trpc-database/mongodb/transport.go:250.18,251.66 1 0
trpc.group/trpc-go/trpc-database/mongodb/transport.go:252.24,253.72 1 0
trpc.group/trpc-go/trpc-database/mongodb/transport.go:254.24,255.72 1 0
trpc.group/trpc-go/trpc-database/mongodb/transport.go:256.25,257.73 1 0
trpc.group/trpc-go/trpc-database/mongodb/transport.go:258.17,259.65 1 0
trpc.group/trpc-go/trpc-database/mongodb/transport.go:260.18,261.66 1 0
trpc.group/trpc-go/trpc-database/mongodb/transport.go:262.17,263.65 1 0
trpc.group/trpc-go/trpc-database/mongodb/transport.go:264.18,265.66 1 0
trpc.group/trpc-go/trpc-database/mongodb/transport.go:266.13,267.61 1 0
trpc.group/trpc-go/trpc-database/mongodb/transport.go:268.17,269.65 1 0
trpc.group/trpc-go/trpc-database/mongodb/transport.go:270.18,271.66 1 0
trpc.group/trpc-go/trpc-database/mongodb/transport.go:272.16,273.64 1 0
trpc.group/trpc-go/trpc-database/mongodb/transport.go:274.17,275.65 1 0
trpc.group/trpc-go/trpc-database/mongodb/transport.go:276.22,277.80 1 0
trpc.group/trpc-go/trpc-database/mongodb/transport.go:278.23,279.81 1 0
trpc.group/trpc-go/trpc-database/mongodb/transport.go:280.20,281.78 1 0
trpc.group/trpc-go/trpc-database/mongodb/transport.go:282.20,283.78 1 0
trpc.group/trpc-go/trpc-database/mongodb/transport.go:284.15,285.32 1 0
trpc.group/trpc-go/trpc-database/mongodb/transport.go:286.19,287.41 1 0
trpc.group/trpc-go/trpc-database/mongodb/transport.go:288.21,289.22 1 0
trpc.group/trpc-go/trpc-database/mongodb/transport.go:290.20,291.38 1 0
trpc.group/trpc-go/trpc-database/mongodb/transport.go:292.10,293.42 1 1
trpc.group/trpc-go/trpc-database/mongodb/transport.go:295.2,295.20 1 7
trpc.group/trpc-go/trpc-database/mongodb/transport.go:300.97,305.8 4 4
trpc.group/trpc-go/trpc-database/mongodb/transport.go:305.8,307.3 1 1
trpc.group/trpc-go/trpc-database/mongodb/transport.go:308.2,312.8 4 3
trpc.group/trpc-go/trpc-database/mongodb/transport.go:312.8,314.3 1 0
trpc.group/trpc-go/trpc-database/mongodb/transport.go:315.2,318.38 2 3
trpc.group/trpc-go/trpc-database/mongodb/transport.go:318.38,320.3 1 0
trpc.group/trpc-go/trpc-database/mongodb/transport.go:321.2,321.38 1 3
trpc.group/trpc-go/trpc-database/mongodb/transport.go:321.38,323.3 1 0
trpc.group/trpc-go/trpc-database/mongodb/transport.go:324.2,324.42 1 3
trpc.group/trpc-go/trpc-database/mongodb/transport.go:324.42,326.3 1 0
trpc.group/trpc-go/trpc-database/mongodb/transport.go:327.2,327.41 1 3
trpc.group/trpc-go/trpc-database/mongodb/transport.go:327.41,329.3 1 3
trpc.group/trpc-go/trpc-database/mongodb/transport.go:331.2,331.33 1 3
trpc.group/trpc-go/trpc-database/mongodb/transport.go:331.33,333.3 1 3
trpc.group/trpc-go/trpc-database/mongodb/transport.go:336.2,337.16 2 3
trpc.group/trpc-go/trpc-database/mongodb/transport.go:337.16,339.3 1 1
trpc.group/trpc-go/trpc-database/mongodb/transport.go:341.2,342.16 2 2
trpc.group/trpc-go/trpc-database/mongodb/transport.go:342.16,345.3 2 0
trpc.group/trpc-go/trpc-database/mongodb/transport.go:347.2,350.17 4 2
trpc.group/trpc-go/trpc-database/mongodb/transport.go:353.80,356.38 3 3
trpc.group/trpc-go/trpc-database/mongodb/transport.go:356.38,358.3 1 3
trpc.group/trpc-go/trpc-database/mongodb/transport.go:359.2,359.38 1 3
trpc.group/trpc-go/trpc-database/mongodb/transport.go:359.38,361.3 1 3
trpc.group/trpc-go/trpc-database/mongodb/transport.go:362.2,362.42 1 3
trpc.group/trpc-go/trpc-database/mongodb/transport.go:362.42,364.3 1 3
trpc.group/trpc-go/trpc-database/mongodb/transport.go:365.2,365.22 1 3
trpc.group/trpc-go/trpc-database/mongodb/transport.go:368.66,373.9 5 1
trpc.group/trpc-go/trpc-database/mongodb/transport.go:373.9,375.3 1 1
trpc.group/trpc-go/trpc-database/mongodb/transport.go:377.2,380.27 4 0
trpc.group/trpc-go/trpc-database/mongodb/transport.go:380.27,382.10 2 0
trpc.group/trpc-go/trpc-database/mongodb/transport.go:382.10,383.12 1 0
trpc.group/trpc-go/trpc-database/mongodb/transport.go:385.3,386.38 2 0
trpc.group/trpc-go/trpc-database/mongodb/transport.go:386.38,388.4 1 0
trpc.group/trpc-go/trpc-database/mongodb/transport.go:391.2,392.33 2 0
trpc.group/trpc-go/trpc-database/mongodb/transport.go:399.80,403.47 2 7
trpc.group/trpc-go/trpc-database/mongodb/transport.go:403.47,406.3 2 4
trpc.group/trpc-go/trpc-database/mongodb/transport.go:408.2,410.52 3 7
trpc.group/trpc-go/trpc-database/mongodb/transport.go:410.52,411.22 1 4
trpc.group/trpc-go/trpc-database/mongodb/transport.go:411.22,413.4 1 1
trpc.group/trpc-go/trpc-database/mongodb/transport.go:414.3,414.22 1 3
trpc.group/trpc-go/trpc-database/mongodb/transport.go:414.22,416.4 1 1
trpc.group/trpc-go/trpc-database/mongodb/transport.go:417.3,417.15 1 2
trpc.group/trpc-go/trpc-database/mongodb/transport.go:420.2,420.8 1 5
trpc.group/trpc-go/trpc-database/mongodb/transport.go:423.82,424.34 1 0
trpc.group/trpc-go/trpc-database/mongodb/transport.go:424.34,426.3 1 0
trpc.group/trpc-go/trpc-database/mongodb/transport.go:428.2,428.16 1 0
